<?xml version="1.0" encoding="UTF-8"?>
<testng-results skipped="0" failed="1" total="1" passed="0">
  <reporter-output>
    <line>
      <![CDATA[org.openqa.selenium.NoSuchElementException: Unable to find element with link text == [ 退 出 ] (WARNING: The server did not provide any stacktrace information)
Command duration or timeout: 308 milliseconds
For documentation on this error, please visit: http://seleniumhq.org/exceptions/no_such_element.html
Build info: version: '2.48.2', revision: '41bccdd', time: '2015-10-09 19:55:52'
System info: host: 'human-PC', ip: '192.168.0.120', os.name: 'Windows 7', os.arch: 'amd64', os.version: '6.1', java.version: '1.7.0_25'
*** Element info: {Using=link text, value=[ 退 出 ]}
Session ID: ce91d68e-b197-4929-9874-30b17bdf52b7
Driver info: org.openqa.selenium.ie.InternetExplorerDriver
Capabilities [{platform=WINDOWS, javascriptEnabled=true, elementScrollBehavior=0, ignoreZoomSetting=false, enablePersistentHover=true, ie.ensureCleanSession=false, browserName=internet explorer, enableElementCacheCleanup=true, unexpectedAlertBehaviour=dismiss, version=11, pageLoadStrategy=normal, ie.usePerProcessProxy=false, cssSelectorsEnabled=true, ignoreProtectedModeSettings=false, requireWindowFocus=false, initialBrowserUrl=http://localhost:20705/, handlesAlerts=true, ie.forceCreateProcessApi=false, nativeEvents=true, browserAttachTimeout=0, ie.browserCommandLineSwitches=, takesScreenshot=true}]]]>
    </line>
  </reporter-output>
  <suite name="Default suite" duration-ms="14906" started-at="2016-02-26T07:21:32Z" finished-at="2016-02-26T07:21:47Z">
    <groups>
    </groups>
    <test name="Default test" duration-ms="14906" started-at="2016-02-26T07:21:32Z" finished-at="2016-02-26T07:21:47Z">
      <class name="com.ctry.tests.Erp_login_2_loginIE">
        <test-method status="PASS" signature="init()[pri:0, instance:com.ctry.tests.Erp_login_2_loginIE@21b50891]" name="init" is-config="true" duration-ms="8" started-at="2016-02-26T15:21:32Z" finished-at="2016-02-26T15:21:32Z">
          <reporter-output>
          </reporter-output>
        </test-method> <!-- init -->
        <test-method status="FAIL" signature="loginByDrivers()[pri:0, instance:com.ctry.tests.Erp_login_2_loginIE@21b50891]" name="loginByDrivers" duration-ms="14884" started-at="2016-02-26T15:21:32Z" finished-at="2016-02-26T15:21:47Z">
          <exception class="java.lang.AssertionError">
            <message>
              <![CDATA[异常 expected [true] but found [false]]]>
            </message>
            <full-stacktrace>
              <![CDATA[java.lang.AssertionError: 异常 expected [true] but found [false]
	at org.testng.Assert.fail(Assert.java:94)
	at org.testng.Assert.failNotEquals(Assert.java:494)
	at org.testng.Assert.assertTrue(Assert.java:42)
	at com.ctry.tests.Erp_login_2_loginIE.loginByDrivers(Erp_login_2_loginIE.java:68)
	at sun.reflect.NativeMethodAccessorImpl.invoke0(Native Method)
	at sun.reflect.NativeMethodAccessorImpl.invoke(Unknown Source)
	at sun.reflect.DelegatingMethodAccessorImpl.invoke(Unknown Source)
	at java.lang.reflect.Method.invoke(Unknown Source)
	at org.testng.internal.MethodInvocationHelper.invokeMethod(MethodInvocationHelper.java:84)
	at org.testng.internal.Invoker.invokeMethod(Invoker.java:714)
	at org.testng.internal.Invoker.invokeTestMethod(Invoker.java:901)
	at org.testng.internal.Invoker.invokeTestMethods(Invoker.java:1231)
	at org.testng.internal.TestMethodWorker.invokeTestMethods(TestMethodWorker.java:127)
	at org.testng.internal.TestMethodWorker.run(TestMethodWorker.java:111)
	at org.testng.TestRunner.privateRun(TestRunner.java:767)
	at org.testng.TestRunner.run(TestRunner.java:617)
	at org.testng.SuiteRunner.runTest(SuiteRunner.java:334)
	at org.testng.SuiteRunner.runSequentially(SuiteRunner.java:329)
	at org.testng.SuiteRunner.privateRun(SuiteRunner.java:291)
	at org.testng.SuiteRunner.run(SuiteRunner.java:240)
	at org.testng.SuiteRunnerWorker.runSuite(SuiteRunnerWorker.java:52)
	at org.testng.SuiteRunnerWorker.run(SuiteRunnerWorker.java:86)
	at org.testng.TestNG.runSuitesSequentially(TestNG.java:1224)
	at org.testng.TestNG.runSuitesLocally(TestNG.java:1149)
	at org.testng.TestNG.run(TestNG.java:1057)
	at org.testng.remote.RemoteTestNG.run(RemoteTestNG.java:111)
	at org.testng.remote.RemoteTestNG.initAndRun(RemoteTestNG.java:204)
	at org.testng.remote.RemoteTestNG.main(RemoteTestNG.java:175)
]]>
            </full-stacktrace>
          </exception> <!-- java.lang.AssertionError -->
          <reporter-output>
            <line>
              <![CDATA[org.openqa.selenium.NoSuchElementException: Unable to find element with link text == [ 退 出 ] (WARNING: The server did not provide any stacktrace information)
Command duration or timeout: 308 milliseconds
For documentation on this error, please visit: http://seleniumhq.org/exceptions/no_such_element.html
Build info: version: '2.48.2', revision: '41bccdd', time: '2015-10-09 19:55:52'
System info: host: 'human-PC', ip: '192.168.0.120', os.name: 'Windows 7', os.arch: 'amd64', os.version: '6.1', java.version: '1.7.0_25'
*** Element info: {Using=link text, value=[ 退 出 ]}
Session ID: ce91d68e-b197-4929-9874-30b17bdf52b7
Driver info: org.openqa.selenium.ie.InternetExplorerDriver
Capabilities [{platform=WINDOWS, javascriptEnabled=true, elementScrollBehavior=0, ignoreZoomSetting=false, enablePersistentHover=true, ie.ensureCleanSession=false, browserName=internet explorer, enableElementCacheCleanup=true, unexpectedAlertBehaviour=dismiss, version=11, pageLoadStrategy=normal, ie.usePerProcessProxy=false, cssSelectorsEnabled=true, ignoreProtectedModeSettings=false, requireWindowFocus=false, initialBrowserUrl=http://localhost:20705/, handlesAlerts=true, ie.forceCreateProcessApi=false, nativeEvents=true, browserAttachTimeout=0, ie.browserCommandLineSwitches=, takesScreenshot=true}]]]>
            </line>
          </reporter-output>
        </test-method> <!-- loginByDrivers -->
        <test-method status="PASS" signature="stop()[pri:0, instance:com.ctry.tests.Erp_login_2_loginIE@21b50891]" name="stop" is-config="true" duration-ms="0" started-at="2016-02-26T15:21:47Z" finished-at="2016-02-26T15:21:47Z">
          <reporter-output>
          </reporter-output>
        </test-method> <!-- stop -->
      </class> <!-- com.ctry.tests.Erp_login_2_loginIE -->
    </test> <!-- Default test -->
  </suite> <!-- Default suite -->
</testng-results>
